0 info it worked if it ends with ok
1 verbose cli [ '/Users/35267/.nvm/versions/node/v6.11.4/bin/node',
1 verbose cli   '/Users/35267/.nvm/versions/node/v6.11.4/bin/npm',
1 verbose cli   'run',
1 verbose cli   'build' ]
2 info using npm@3.10.10
3 info using node@v6.11.4
4 verbose run-script [ 'prebuild', 'build', 'postbuild' ]
5 info lifecycle first-thoughts@1.0.0~prebuild: first-thoughts@1.0.0
6 silly lifecycle first-thoughts@1.0.0~prebuild: no script for prebuild, continuing
7 info lifecycle first-thoughts@1.0.0~build: first-thoughts@1.0.0
8 verbose lifecycle first-thoughts@1.0.0~build: unsafe-perm in lifecycle true
9 verbose lifecycle first-thoughts@1.0.0~build: PATH: /Users/35267/.nvm/versions/node/v6.11.4/lib/node_modules/npm/bin/node-gyp-bin:/Users/35267/src/personal/slopjs/first-thoughts/node_modules/.bin:/Users/35267/google-cloud-sdk/bin:/Users/35267/.nvm/versions/node/v6.11.4/bin:/Users/35267/Library/Python/2.7/bin:/Users/35267/.rbenv/bin:/Users/35267/.rbenv/shims:/usr/local/bin:/usr/bin:/bin:/usr/sbin:/sbin
10 verbose lifecycle first-thoughts@1.0.0~build: CWD: /Users/35267/src/personal/slopjs/first-thoughts
11 silly lifecycle first-thoughts@1.0.0~build: Args: [ '-c', 'node -r esm build.js' ]
12 silly lifecycle first-thoughts@1.0.0~build: Returned: code: 1  signal: null
13 info lifecycle first-thoughts@1.0.0~build: Failed to exec build script
14 verbose stack Error: first-thoughts@1.0.0 build: `node -r esm build.js`
14 verbose stack Exit status 1
14 verbose stack     at EventEmitter.<anonymous> (/Users/35267/.nvm/versions/node/v6.11.4/lib/node_modules/npm/lib/utils/lifecycle.js:255:16)
14 verbose stack     at emitTwo (events.js:106:13)
14 verbose stack     at EventEmitter.emit (events.js:191:7)
14 verbose stack     at ChildProcess.<anonymous> (/Users/35267/.nvm/versions/node/v6.11.4/lib/node_modules/npm/lib/utils/spawn.js:40:14)
14 verbose stack     at emitTwo (events.js:106:13)
14 verbose stack     at ChildProcess.emit (events.js:191:7)
14 verbose stack     at maybeClose (internal/child_process.js:920:16)
14 verbose stack     at Process.ChildProcess._handle.onexit (internal/child_process.js:230:5)
15 verbose pkgid first-thoughts@1.0.0
16 verbose cwd /Users/35267/src/personal/slopjs/first-thoughts
17 error Darwin 18.2.0
18 error argv "/Users/35267/.nvm/versions/node/v6.11.4/bin/node" "/Users/35267/.nvm/versions/node/v6.11.4/bin/npm" "run" "build"
19 error node v6.11.4
20 error npm  v3.10.10
21 error code ELIFECYCLE
22 error first-thoughts@1.0.0 build: `node -r esm build.js`
22 error Exit status 1
23 error Failed at the first-thoughts@1.0.0 build script 'node -r esm build.js'.
23 error Make sure you have the latest version of node.js and npm installed.
23 error If you do, this is most likely a problem with the first-thoughts package,
23 error not with npm itself.
23 error Tell the author that this fails on your system:
23 error     node -r esm build.js
23 error You can get information on how to open an issue for this project with:
23 error     npm bugs first-thoughts
23 error Or if that isn't available, you can get their info via:
23 error     npm owner ls first-thoughts
23 error There is likely additional logging output above.
24 verbose exit [ 1, true ]
